<?xml version="1.0" encoding="UTF-8"?>
<!-- Generated by org.testng.reporters.JUnitXMLReporter -->
<testsuite ignored="15" hostname="FA073091" failures="0" tests="1" name="Default test" time="6.243" errors="0" timestamp="2025-01-25T23:03:10 IST">
  <testcase classname="api.HTTPRequest" name="testAPI" time="6.141"/>
  <testcase classname="api.HTTPRequest" name="postAPITestWithJsonObject" time="0.0">
    <ignored/>
  </testcase> <!-- postAPITestWithJsonObject -->
  <testcase classname="api.HTTPRequest" name="testCookiesAndHeaders" time="0.0">
    <ignored/>
  </testcase> <!-- testCookiesAndHeaders -->
  <testcase classname="api.HTTPRequest" name="postAPITestWithExternalJSonFile" time="0.0">
    <ignored/>
  </testcase> <!-- postAPITestWithExternalJSonFile -->
  <testcase classname="api.HTTPRequest" name="updateUser" time="0.0">
    <ignored/>
  </testcase> <!-- updateUser -->
  <testcase classname="api.HTTPRequest" name="testLog" time="0.0">
    <ignored/>
  </testcase> <!-- testLog -->
  <testcase classname="api.HTTPRequest" name="testQueryAndPathParam" time="0.0">
    <ignored/>
  </testcase> <!-- testQueryAndPathParam -->
  <testcase classname="api.HTTPRequest" name="getCookies" time="0.0">
    <ignored/>
  </testcase> <!-- getCookies -->
  <testcase classname="api.HTTPRequest" name="postAPITestWithHashMap" time="0.0">
    <ignored/>
  </testcase> <!-- postAPITestWithHashMap -->
  <testcase classname="api.HTTPRequest" name="getUsers" time="0.0">
    <ignored/>
  </testcase> <!-- getUsers -->
  <testcase classname="api.HTTPRequest" name="deleteUser" time="0.0">
    <ignored/>
  </testcase> <!-- deleteUser -->
  <testcase classname="api.HTTPRequest" name="getHeaders" time="0.0">
    <ignored/>
  </testcase> <!-- getHeaders -->
  <testcase classname="api.HTTPRequest" name="postAPITestWithPOJO" time="0.0">
    <ignored/>
  </testcase> <!-- postAPITestWithPOJO -->
  <testcase classname="api.HTTPRequest" name="testJSONResponseBody" time="0.0">
    <ignored/>
  </testcase> <!-- testJSONResponseBody -->
  <testcase classname="api.HTTPRequest" name="createUser" time="0.0">
    <ignored/>
  </testcase> <!-- createUser -->
  <testcase classname="api.HTTPRequest" name="getUsersValidateSchema" time="0.0">
    <ignored/>
  </testcase> <!-- getUsersValidateSchema -->
</testsuite> <!-- Default test -->
