<?xml version="1.0" encoding="UTF-8"?>
<!-- Generated by org.testng.reporters.JUnitXMLReporter -->
<testsuite ignored="0" hostname="FA073091" failures="1" tests="3" name="Test5" time="0.016" errors="0" timestamp="2025-05-10T23:48:00 IST">
  <testcase classname="crud.New" name="newTc2" time="0.006">
    <skipped/>
  </testcase> <!-- newTc2 -->
  <testcase classname="crud.New" name="newTc2" time="0.001">
    <skipped/>
  </testcase> <!-- newTc2 -->
  <testcase classname="crud.New" name="newTc2" time="0.0">
    <failure type="java.lang.AssertionError" message="expected [true] but found [false]">
      <![CDATA[java.lang.AssertionError: expected [true] but found [false]
at crud.New.newTc2(New.java:15)
at java.base/java.util.ArrayList.forEach(ArrayList.java:1511)
... Removed 29 stack frames]]>
    </failure>
  </testcase> <!-- newTc2 -->
</testsuite> <!-- Test5 -->
