<?xml version="1.0" encoding="UTF-8"?>
<!-- Generated by org.testng.reporters.JUnitXMLReporter -->
<testsuite ignored="0" hostname="FA073091" failures="1" tests="5" name="Test" time="0.059" errors="0" timestamp="2025-05-10T22:29:09 IST">
  <testcase classname="annotation.T1" name="test" time="0.012"/>
  <testcase classname="annotation.T2" name="test" time="0.001"/>
  <testcase classname="annotation.T3" name="test" time="0.003">
    <skipped/>
  </testcase> <!-- test -->
  <testcase classname="annotation.T3" name="test" time="0.001">
    <skipped/>
  </testcase> <!-- test -->
  <testcase classname="annotation.T3" name="test" time="0.0">
    <failure type="java.lang.AssertionError" message="expected [true] but found [false]">
      <![CDATA[java.lang.AssertionError: expected [true] but found [false]
at annotation.T3.test(T3.java:20)
at java.base/java.util.ArrayList.forEach(ArrayList.java:1511)
... Removed 29 stack frames]]>
    </failure>
  </testcase> <!-- test -->
</testsuite> <!-- Test -->
