<?xml version="1.0" encoding="UTF-8"?>
<!-- Generated by org.testng.reporters.JUnitXMLReporter -->
<testsuite ignored="0" hostname="FA073091" failures="1" tests="4" name="Test5" time="0.015" errors="0" timestamp="2025-05-15T22:20:51 IST">
  <testcase classname="crud.New" name="newTc1" time="0.002"/>
  <testcase classname="crud.New" name="newTc2" time="0.003">
    <skipped/>
  </testcase> <!-- newTc2 -->
  <testcase classname="crud.New" name="newTc2" time="0.0">
    <skipped/>
  </testcase> <!-- newTc2 -->
  <testcase classname="crud.New" name="newTc2" time="0.0">
    <failure type="java.lang.AssertionError" message="expected [true] but found [false]">
      <![CDATA[java.lang.AssertionError: expected [true] but found [false]
at crud.New.newTc2(New.java:20)
at java.base/java.util.ArrayList.forEach(ArrayList.java:1511)
... Removed 33 stack frames]]>
    </failure>
  </testcase> <!-- newTc2 -->
</testsuite> <!-- Test5 -->
