<?xml version="1.0" encoding="UTF-8"?>
<!-- Generated by org.testng.reporters.JUnitXMLReporter -->
<testsuite ignored="0" hostname="FA073091" failures="1" tests="2" name="Test5(failed)" time="0.043" errors="0" timestamp="2025-04-18T16:34:17 IST">
  <testcase classname="crud.New" name="newTc" time="0.008"/>
  <testcase classname="crud.New" name="newTc2" time="0.005">
    <failure type="java.lang.AssertionError" message="expected [true] but found [false]">
      <![CDATA[java.lang.AssertionError: expected [true] but found [false]
at crud.New.newTc2(New.java:27)
at java.base/java.util.ArrayList.forEach(ArrayList.java:1511)
... Removed 29 stack frames]]>
    </failure>
  </testcase> <!-- newTc2 -->
</testsuite> <!-- Test5(failed) -->
