<?xml version="1.0" encoding="UTF-8"?>
<testng-results ignored="0" total="1" passed="1" failed="0" skipped="0">
  <reporter-output>
  </reporter-output>
  <suite started-at="2025-01-25T23:03:03 IST" name="Default suite" finished-at="2025-01-25T23:03:10 IST" duration-ms="6243">
    <groups>
    </groups>
    <test started-at="2025-01-25T23:03:03 IST" name="Default test" finished-at="2025-01-25T23:03:10 IST" duration-ms="6243">
      <class name="api.HTTPRequest">
        <test-method signature="testAPI()[pri:0, instance:api.HTTPRequest@37271612]" started-at="2025-01-25T23:03:03 IST" name="testAPI" finished-at="2025-01-25T23:03:10 IST" duration-ms="6141" status="PASS">
          <reporter-output>
          </reporter-output>
        </test-method> <!-- testAPI -->
      </class> <!-- api.HTTPRequest -->
    </test> <!-- Default test -->
  </suite> <!-- Default suite -->
</testng-results>
